<?xml version="1.0" encoding="UTF-8"?>
<testsuite name="unittest.loader._FailedTest-20220516233647" tests="1" file="unittest/loader.py" time="0.003" timestamp="2022-05-16T23:36:47" failures="0" errors="1" skipped="0">
	<testcase classname="unittest.loader._FailedTest" name="test_views_view_search_by_tag" time="0.003" timestamp="2022-05-16T23:36:47" file="..\..\..\AppData\Local\Programs\Python\Python38\lib\unittest\loader.py" line="33">
		<error type="ImportError" message="Failed to import test module: test_views_view_search_by_tag
Traceback (most recent call last):
  File &quot;C:\Users\Asus\AppData\Local\Programs\Python\Python38\lib\unittest\loader.py&quot;, line 436, in _find_test_path
    module = self._get_module_from_name(name)
  File &quot;C:\Users\Asus\AppData\Local\Programs\Python\Python38\lib\unittest\loader.py&quot;, line 377, in _get_module_from_name
    __import__(name)
  File &quot;C:\Users\Asus\ArtProject\bounswe2022group8\Practice App\tests\test_views_view_search_by_tag.py&quot;, line 5, in &lt;module&gt;
    from ..models import ArtItem, Tag, myUser
ImportError: attempted relative import with no known parent package
"><![CDATA[ImportError: Failed to import test module: test_views_view_search_by_tag
Traceback (most recent call last):
  File "C:\Users\Asus\AppData\Local\Programs\Python\Python38\lib\unittest\loader.py", line 436, in _find_test_path
    module = self._get_module_from_name(name)
  File "C:\Users\Asus\AppData\Local\Programs\Python\Python38\lib\unittest\loader.py", line 377, in _get_module_from_name
    __import__(name)
  File "C:\Users\Asus\ArtProject\bounswe2022group8\Practice App\tests\test_views_view_search_by_tag.py", line 5, in <module>
    from ..models import ArtItem, Tag, myUser
ImportError: attempted relative import with no known parent package

]]></error>
	</testcase>
</testsuite>
