<?xml version="1.0" encoding="UTF-8"?>
<testsuite name="api.tests.test_views_view_search_by_tag.TestTagSearch-20220516233456" tests="1" file="api/tests/test_views_view_search_by_tag.py" time="0.025" timestamp="2022-05-16T23:34:56" failures="1" errors="0" skipped="0">
	<testcase classname="api.tests.test_views_view_search_by_tag.TestTagSearch" name="test_get_tagged_artitems" time="0.025" timestamp="2022-05-16T23:34:56" file="api\tests\test_views_view_search_by_tag.py" line="11">
		<failure type="AssertionError" message="[OrderedDict([('id', 1), ('title', 'Flower[380 chars]')])] != [{'id': 1, 'title': 'Flowers', 'descriptio[102 chars]pg'}]"><![CDATA[Traceback (most recent call last):
  File "C:\Users\Asus\ArtProject\bounswe2022group8\Practice App\api\tests\test_views_view_search_by_tag.py", line 33, in test_get_tagged_artitems
    self.assertEqual(response.data, [test_data])
AssertionError: [OrderedDict([('id', 1), ('title', 'Flower[380 chars]')])] != [{'id': 1, 'title': 'Flowers', 'descriptio[102 chars]pg'}]
]]></failure>
	</testcase>
</testsuite>
